# JRE version: Java(TM) SE Runtime Environment (8.0_20-b26) (build 1.8.0_20-b26)
# Java VM: Java HotSpot(TM) 64-Bit Server VM (25.20-b23 mixed mode windows-amd64 compressed oops)
Heap:
 PSYoungGen      total 227840K, used 201028K [0x00000000eab00000, 0x00000000fcd80000, 0x0000000100000000)
  eden space 187392K, 100% used [0x00000000eab00000,0x00000000f6200000,0x00000000f6200000)
  from space 40448K, 33% used [0x00000000f6200000,0x00000000f6f51070,0x00000000f8980000)
  to   space 46592K, 0% used [0x00000000fa000000,0x00000000fa000000,0x00000000fcd80000)
 ParOldGen       total 72704K, used 72556K [0x00000000c0000000, 0x00000000c4700000, 0x00000000eab00000)
  object space 72704K, 99% used [0x00000000c0000000,0x00000000c46db220,0x00000000c4700000)
 Metaspace       used 79574K, capacity 83739K, committed 83968K, reserved 1120256K
  class space    used 10713K, capacity 12242K, committed 12288K, reserved 1048576K
GC Heap History (10 events):
Event: 2331.599 GC heap after
Heap after GC invocations=25 (full 5):
 PSYoungGen      total 211968K, used 18155K [0x00000000eab00000, 0x00000000fa180000, 0x0000000100000000)
  eden space 182784K, 0% used [0x00000000eab00000,0x00000000eab00000,0x00000000f5d80000)
  from space 29184K, 62% used [0x00000000f7d00000,0x00000000f8ebafe0,0x00000000f9980000)
  to   space 32256K, 0% used [0x00000000f5d80000,0x00000000f5d80000,0x00000000f7d00000)
 ParOldGen       total 72704K, used 47618K [0x00000000c0000000, 0x00000000c4700000, 0x00000000eab00000)
  object space 72704K, 65% used [0x00000000c0000000,0x00000000c2e808c0,0x00000000c4700000)
 Metaspace       used 64984K, capacity 67649K, committed 68736K, reserved 1107968K
  class space    used 8543K, capacity 9518K, committed 9856K, reserved 1048576K
}
Event: 2449.763 GC heap before
{Heap before GC invocations=26 (full 5):
 PSYoungGen      total 211968K, used 200939K [0x00000000eab00000, 0x00000000fa180000, 0x0000000100000000)
  eden space 182784K, 100% used [0x00000000eab00000,0x00000000f5d80000,0x00000000f5d80000)
  from space 29184K, 62% used [0x00000000f7d00000,0x00000000f8ebafe0,0x00000000f9980000)
  to   space 32256K, 0% used [0x00000000f5d80000,0x00000000f5d80000,0x00000000f7d00000)
 ParOldGen       total 72704K, used 47618K [0x00000000c0000000, 0x00000000c4700000, 0x00000000eab00000)
  object space 72704K, 65% used [0x00000000c0000000,0x00000000c2e808c0,0x00000000c4700000)
 Metaspace       used 67426K, capacity 70288K, committed 71168K, reserved 1110016K
  class space    used 8931K, capacity 9958K, committed 10240K, reserved 1048576K
Event: 2449.791 GC heap after
Heap after GC invocations=26 (full 5):
 PSYoungGen      total 215040K, used 22151K [0x00000000eab00000, 0x00000000faa00000, 0x0000000100000000)
  eden space 182784K, 0% used [0x00000000eab00000,0x00000000eab00000,0x00000000f5d80000)
  from space 32256K, 68% used [0x00000000f5d80000,0x00000000f7321dc0,0x00000000f7d00000)
  to   space 33280K, 0% used [0x00000000f8980000,0x00000000f8980000,0x00000000faa00000)
 ParOldGen       total 72704K, used 47626K [0x00000000c0000000, 0x00000000c4700000, 0x00000000eab00000)
  object space 72704K, 65% used [0x00000000c0000000,0x00000000c2e828c0,0x00000000c4700000)
 Metaspace       used 67426K, capacity 70288K, committed 71168K, reserved 1110016K
  class space    used 8931K, capacity 9958K, committed 10240K, reserved 1048576K
}
Event: 2452.070 GC heap before
{Heap before GC invocations=27 (full 5):
 PSYoungGen      total 215040K, used 204935K [0x00000000eab00000, 0x00000000faa00000, 0x0000000100000000)
  eden space 182784K, 100% used [0x00000000eab00000,0x00000000f5d80000,0x00000000f5d80000)
  from space 32256K, 68% used [0x00000000f5d80000,0x00000000f7321dc0,0x00000000f7d00000)
  to   space 33280K, 0% used [0x00000000f8980000,0x00000000f8980000,0x00000000faa00000)
 ParOldGen       total 72704K, used 47626K [0x00000000c0000000, 0x00000000c4700000, 0x00000000eab00000)
  object space 72704K, 65% used [0x00000000c0000000,0x00000000c2e828c0,0x00000000c4700000)
 Metaspace       used 72729K, capacity 76368K, committed 76672K, reserved 1114112K
  class space    used 9716K, capacity 11025K, committed 11136K, reserved 1048576K
Event: 2452.146 GC heap after
Heap after GC invocations=27 (full 5):
 PSYoungGen      total 220672K, used 33264K [0x00000000eab00000, 0x00000000fc180000, 0x0000000100000000)
  eden space 187392K, 0% used [0x00000000eab00000,0x00000000eab00000,0x00000000f6200000)
  from space 33280K, 99% used [0x00000000f8980000,0x00000000fa9fc050,0x00000000faa00000)
  to   space 40448K, 0% used [0x00000000f6200000,0x00000000f6200000,0x00000000f8980000)
 ParOldGen       total 72704K, used 54301K [0x00000000c0000000, 0x00000000c4700000, 0x00000000eab00000)
  object space 72704K, 74% used [0x00000000c0000000,0x00000000c3507738,0x00000000c4700000)
 Metaspace       used 72729K, capacity 76368K, committed 76672K, reserved 1114112K
  class space    used 9716K, capacity 11025K, committed 11136K, reserved 1048576K
}
Event: 2470.470 GC heap before
{Heap before GC invocations=28 (full 5):
 PSYoungGen      total 220672K, used 191639K [0x00000000eab00000, 0x00000000fc180000, 0x0000000100000000)
  eden space 187392K, 84% used [0x00000000eab00000,0x00000000f45a9d80,0x00000000f6200000)
  from space 33280K, 99% used [0x00000000f8980000,0x00000000fa9fc050,0x00000000faa00000)
  to   space 40448K, 0% used [0x00000000f6200000,0x00000000f6200000,0x00000000f8980000)
 ParOldGen       total 72704K, used 54301K [0x00000000c0000000, 0x00000000c4700000, 0x00000000eab00000)
  object space 72704K, 74% used [0x00000000c0000000,0x00000000c3507738,0x00000000c4700000)
 Metaspace       used 74730K, capacity 78425K, committed 78464K, reserved 1116160K
  class space    used 10021K, capacity 11358K, committed 11392K, reserved 1048576K
Event: 2470.520 GC heap after
Heap after GC invocations=28 (full 5):
 PSYoungGen      total 227840K, used 39595K [0x00000000eab00000, 0x00000000fcd80000, 0x0000000100000000)
  eden space 187392K, 0% used [0x00000000eab00000,0x00000000eab00000,0x00000000f6200000)
  from space 40448K, 97% used [0x00000000f6200000,0x00000000f88aae38,0x00000000f8980000)
  to   space 46592K, 0% used [0x00000000fa000000,0x00000000fa000000,0x00000000fcd80000)
 ParOldGen       total 72704K, used 54301K [0x00000000c0000000, 0x00000000c4700000, 0x00000000eab00000)
  object space 72704K, 74% used [0x00000000c0000000,0x00000000c3507738,0x00000000c4700000)
 Metaspace       used 74730K, capacity 78425K, committed 78464K, reserved 1116160K
  class space    used 10021K, capacity 11358K, committed 11392K, reserved 1048576K
}
Event: 2470.520 GC heap before
{Heap before GC invocations=29 (full 6):
 PSYoungGen      total 227840K, used 39595K [0x00000000eab00000, 0x00000000fcd80000, 0x0000000100000000)
  eden space 187392K, 0% used [0x00000000eab00000,0x00000000eab00000,0x00000000f6200000)
  from space 40448K, 97% used [0x00000000f6200000,0x00000000f88aae38,0x00000000f8980000)
  to   space 46592K, 0% used [0x00000000fa000000,0x00000000fa000000,0x00000000fcd80000)
 ParOldGen       total 72704K, used 54301K [0x00000000c0000000, 0x00000000c4700000, 0x00000000eab00000)
  object space 72704K, 74% used [0x00000000c0000000,0x00000000c3507738,0x00000000c4700000)
 Metaspace       used 74730K, capacity 78425K, committed 78464K, reserved 1116160K
  class space    used 10021K, capacity 11358K, committed 11392K, reserved 1048576K
Event: 2471.237 GC heap after
Heap after GC invocations=29 (full 6):
 PSYoungGen      total 227840K, used 13636K [0x00000000eab00000, 0x00000000fcd80000, 0x0000000100000000)
  eden space 187392K, 0% used [0x00000000eab00000,0x00000000eab00000,0x00000000f6200000)
  from space 40448K, 33% used [0x00000000f6200000,0x00000000f6f51070,0x00000000f8980000)
  to   space 46592K, 0% used [0x00000000fa000000,0x00000000fa000000,0x00000000fcd80000)
 ParOldGen       total 72704K, used 72556K [0x00000000c0000000, 0x00000000c4700000, 0x00000000eab00000)
  object space 72704K, 99% used [0x00000000c0000000,0x00000000c46db220,0x00000000c4700000)
 Metaspace       used 74588K, capacity 77969K, committed 78464K, reserved 1116160K
  class space    used 9990K, capacity 11222K, committed 11392K, reserved 1048576K
}
Event: 6183.809 GC heap before
{Heap before GC invocations=30 (full 7):
 PSYoungGen      total 227840K, used 201028K [0x00000000eab00000, 0x00000000fcd80000, 0x0000000100000000)
  eden space 187392K, 100% used [0x00000000eab00000,0x00000000f6200000,0x00000000f6200000)
  from space 40448K, 33% used [0x00000000f6200000,0x00000000f6f51070,0x00000000f8980000)
  to   space 46592K, 0% used [0x00000000fa000000,0x00000000fa000000,0x00000000fcd80000)
 ParOldGen       total 72704K, used 72556K [0x00000000c0000000, 0x00000000c4700000, 0x00000000eab00000)
  object space 72704K, 99% used [0x00000000c0000000,0x00000000c46db220,0x00000000c4700000)
 Metaspace       used 79574K, capacity 83739K, committed 83968K, reserved 1120256K
  class space    used 10713K, capacity 12242K, committed 12288K, reserved 1048576K

